<?xml version="1.0" encoding="utf-8"?><testsuites name="pytest tests"><testsuite name="pytest" errors="0" failures="1" skipped="1" tests="15" time="4.785" timestamp="2026-04-30T17:04:46.923009+00:00" hostname="agent-env-66e0e039-32d9-4410-ade2-e02693b878bb"><testcase classname="backend.tests.backend_test" name="test_signup_creates_user_with_10_credits" time="0.508" /><testcase classname="backend.tests.backend_test" name="test_signup_seeds_6_reviews" time="0.076" /><testcase classname="backend.tests.backend_test" name="test_login_returns_jwt" time="0.290" /><testcase classname="backend.tests.backend_test" name="test_login_invalid_credentials" time="0.300" /><testcase classname="backend.tests.backend_test" name="test_me_returns_user" time="0.087" /><testcase classname="backend.tests.backend_test" name="test_me_unauthorized" time="0.068" /><testcase classname="backend.tests.backend_test" name="test_create_review" time="0.080" /><testcase classname="backend.tests.backend_test" name="test_delete_review" time="0.071" /><testcase classname="backend.tests.backend_test" name="test_ai_generate_reply_decrements_credit" time="2.085" /><testcase classname="backend.tests.backend_test" name="test_analytics" time="0.070" /><testcase classname="backend.tests.backend_test" name="test_update_profile" time="0.074" /><testcase classname="backend.tests.backend_test" name="test_plans" time="0.077" /><testcase classname="backend.tests.backend_test" name="test_billing_checkout" time="0.552" /><testcase classname="backend.tests.backend_test" name="test_billing_status" time="0.307"><failure message="assert 500 == 200&#10; +  where 500 = &lt;Response [500]&gt;.status_code">backend/tests/backend_test.py:143: in test_billing_status
    assert r.status_code == 200
E   assert 500 == 200
E    +  where 500 = &lt;Response [500]&gt;.status_code</failure></testcase><testcase classname="backend.tests.backend_test" name="test_generate_reply_402_when_out_of_credits" time="0.000"><skipped type="pytest.skip" message="Credit exhaustion path validated via code review; skipping to avoid LLM cost.">/app/backend/tests/backend_test.py:154: Credit exhaustion path validated via code review; skipping to avoid LLM cost.</skipped></testcase></testsuite></testsuites>